[spring_struts2_Hibernate_demo][INFO] [2017-04-29 00:26:33] org.springframework.web.context.ContextLoader.initWebApplicationContext(285) | Root WebApplicationContext: initialization started
[spring_struts2_Hibernate_demo][INFO] [2017-04-29 00:26:33] org.springframework.context.support.AbstractApplicationContext.prepareRefresh(510) | Refreshing Root WebApplicationContext: startup date [Sat Apr 29 00:26:33 CST 2017]; root of context hierarchy
[spring_struts2_Hibernate_demo][INFO] [2017-04-29 00:26:33] org.springframework.beans.factory.xml.XmlBeanDefinitionReader.loadBeanDefinitions(317) | Loading XML bean definitions from class path resource [spring.xml]
[spring_struts2_Hibernate_demo][INFO] [2017-04-29 00:26:33] org.springframework.beans.factory.xml.XmlBeanDefinitionReader.loadBeanDefinitions(317) | Loading XML bean definitions from class path resource [spring-hibernate.xml]
[spring_struts2_Hibernate_demo][INFO] [2017-04-29 00:26:33] org.springframework.core.io.support.PropertiesLoaderSupport.loadProperties(172) | Loading properties file from class path resource [jdbc.properties]
[spring_struts2_Hibernate_demo][INFO] [2017-04-29 00:26:33] org.springframework.beans.factory.annotation.AutowiredAnnotationBeanPostProcessor.<init>(153) | JSR-330 'javax.inject.Inject' annotation found and supported for autowiring
[spring_struts2_Hibernate_demo][INFO] [2017-04-29 00:26:34] com.alibaba.druid.pool.DruidDataSource.init(669) | {dataSource-1} inited
[spring_struts2_Hibernate_demo][INFO] [2017-04-29 00:26:34] org.hibernate.annotations.common.reflection.java.JavaReflectionManager.<clinit>(66) | HCANN000001: Hibernate Commons Annotations {4.0.5.Final}
[spring_struts2_Hibernate_demo][INFO] [2017-04-29 00:26:34] org.hibernate.Version.logVersion(54) | HHH000412: Hibernate Core {4.3.8.Final}
[spring_struts2_Hibernate_demo][INFO] [2017-04-29 00:26:34] org.hibernate.cfg.Environment.<clinit>(239) | HHH000206: hibernate.properties not found
[spring_struts2_Hibernate_demo][INFO] [2017-04-29 00:26:34] org.hibernate.cfg.Environment.buildBytecodeProvider(346) | HHH000021: Bytecode provider name : javassist
[spring_struts2_Hibernate_demo][INFO] [2017-04-29 00:26:34] org.hibernate.dialect.Dialect.<init>(145) | HHH000400: Using dialect: org.hibernate.dialect.MySQLDialect
[spring_struts2_Hibernate_demo][INFO] [2017-04-29 00:26:35] org.hibernate.engine.transaction.internal.TransactionFactoryInitiator.initiateService(62) | HHH000399: Using default transaction strategy (direct JDBC transactions)
[spring_struts2_Hibernate_demo][INFO] [2017-04-29 00:26:35] org.hibernate.hql.internal.ast.ASTQueryTranslatorFactory.<init>(47) | HHH000397: Using ASTQueryTranslatorFactory
[spring_struts2_Hibernate_demo][INFO] [2017-04-29 00:26:35] org.hibernate.tool.hbm2ddl.SchemaUpdate.execute(207) | HHH000228: Running hbm2ddl schema update
[spring_struts2_Hibernate_demo][INFO] [2017-04-29 00:26:35] org.hibernate.tool.hbm2ddl.SchemaUpdate.execute(218) | HHH000102: Fetching database metadata
[spring_struts2_Hibernate_demo][INFO] [2017-04-29 00:26:35] org.hibernate.tool.hbm2ddl.SchemaUpdate.execute(230) | HHH000396: Updating schema
[spring_struts2_Hibernate_demo][INFO] [2017-04-29 00:26:35] org.hibernate.tool.hbm2ddl.TableMetadata.<init>(66) | HHH000261: Table found: db_ssm.user_info
[spring_struts2_Hibernate_demo][INFO] [2017-04-29 00:26:35] org.hibernate.tool.hbm2ddl.TableMetadata.<init>(67) | HHH000037: Columns: [id, name, age, telephone]
[spring_struts2_Hibernate_demo][INFO] [2017-04-29 00:26:35] org.hibernate.tool.hbm2ddl.TableMetadata.<init>(69) | HHH000108: Foreign keys: []
[spring_struts2_Hibernate_demo][INFO] [2017-04-29 00:26:35] org.hibernate.tool.hbm2ddl.TableMetadata.<init>(70) | HHH000126: Indexes: [primary]
[spring_struts2_Hibernate_demo][INFO] [2017-04-29 00:26:35] org.hibernate.tool.hbm2ddl.SchemaUpdate.execute(267) | HHH000232: Schema update complete
[spring_struts2_Hibernate_demo][INFO] [2017-04-29 00:26:35] org.springframework.orm.hibernate4.HibernateTransactionManager.afterPropertiesSet(360) | Using DataSource [{
	CreateTime:"2017-04-29 00:26:33",
	ActiveCount:0,
	PoolingCount:1,
	CreateCount:1,
	DestroyCount:0,
	CloseCount:2,
	ConnectCount:2,
	Connections:[
		{ID:541206157, ConnectTime:"2017-04-29 00:26:34", UseCount:2, LastActiveTime:"2017-04-29 00:26:35"}
	]
}

[
	{
	ID:541206157, 
	poolStatements:[
		]
	}
]] of Hibernate SessionFactory for HibernateTransactionManager
[spring_struts2_Hibernate_demo][INFO] [2017-04-29 00:26:35] org.springframework.web.context.ContextLoader.initWebApplicationContext(325) | Root WebApplicationContext: initialization completed in 2726 ms
[spring_struts2_Hibernate_demo][INFO] [2017-04-29 00:26:36] com.opensymphony.xwork2.util.logging.commons.CommonsLogger.info(46) | Parsing configuration file [struts-default.xml]
[spring_struts2_Hibernate_demo][INFO] [2017-04-29 00:26:36] com.opensymphony.xwork2.util.logging.commons.CommonsLogger.info(46) | Parsing configuration file [struts-plugin.xml]
[spring_struts2_Hibernate_demo][INFO] [2017-04-29 00:26:36] com.opensymphony.xwork2.util.logging.commons.CommonsLogger.info(46) | Parsing configuration file [struts.xml]
[spring_struts2_Hibernate_demo][INFO] [2017-04-29 00:26:36] com.opensymphony.xwork2.util.logging.commons.CommonsLogger.info(46) | Choosing bean (spring) for (com.opensymphony.xwork2.ObjectFactory)
[spring_struts2_Hibernate_demo][INFO] [2017-04-29 00:26:36] com.opensymphony.xwork2.util.logging.commons.CommonsLogger.info(46) | Choosing bean (struts) for (com.opensymphony.xwork2.factory.ActionFactory)
[spring_struts2_Hibernate_demo][INFO] [2017-04-29 00:26:36] com.opensymphony.xwork2.util.logging.commons.CommonsLogger.info(46) | Choosing bean (struts) for (com.opensymphony.xwork2.factory.ResultFactory)
[spring_struts2_Hibernate_demo][INFO] [2017-04-29 00:26:36] com.opensymphony.xwork2.util.logging.commons.CommonsLogger.info(46) | Choosing bean (struts) for (com.opensymphony.xwork2.factory.ConverterFactory)
[spring_struts2_Hibernate_demo][INFO] [2017-04-29 00:26:36] com.opensymphony.xwork2.util.logging.commons.CommonsLogger.info(46) | Choosing bean (struts) for (com.opensymphony.xwork2.factory.InterceptorFactory)
[spring_struts2_Hibernate_demo][INFO] [2017-04-29 00:26:36] com.opensymphony.xwork2.util.logging.commons.CommonsLogger.info(46) | Choosing bean (struts) for (com.opensymphony.xwork2.factory.ValidatorFactory)
[spring_struts2_Hibernate_demo][INFO] [2017-04-29 00:26:36] com.opensymphony.xwork2.util.logging.commons.CommonsLogger.info(46) | Choosing bean (struts) for (com.opensymphony.xwork2.factory.UnknownHandlerFactory)
[spring_struts2_Hibernate_demo][INFO] [2017-04-29 00:26:36] com.opensymphony.xwork2.util.logging.commons.CommonsLogger.info(46) | Choosing bean (struts) for (com.opensymphony.xwork2.FileManagerFactory)
[spring_struts2_Hibernate_demo][INFO] [2017-04-29 00:26:36] com.opensymphony.xwork2.util.logging.commons.CommonsLogger.info(46) | Choosing bean (struts) for (com.opensymphony.xwork2.conversion.impl.XWorkConverter)
[spring_struts2_Hibernate_demo][INFO] [2017-04-29 00:26:36] com.opensymphony.xwork2.util.logging.commons.CommonsLogger.info(46) | Choosing bean (struts) for (com.opensymphony.xwork2.conversion.impl.CollectionConverter)
[spring_struts2_Hibernate_demo][INFO] [2017-04-29 00:26:36] com.opensymphony.xwork2.util.logging.commons.CommonsLogger.info(46) | Choosing bean (struts) for (com.opensymphony.xwork2.conversion.impl.ArrayConverter)
[spring_struts2_Hibernate_demo][INFO] [2017-04-29 00:26:36] com.opensymphony.xwork2.util.logging.commons.CommonsLogger.info(46) | Choosing bean (struts) for (com.opensymphony.xwork2.conversion.impl.DateConverter)
[spring_struts2_Hibernate_demo][INFO] [2017-04-29 00:26:36] com.opensymphony.xwork2.util.logging.commons.CommonsLogger.info(46) | Choosing bean (struts) for (com.opensymphony.xwork2.conversion.impl.NumberConverter)
[spring_struts2_Hibernate_demo][INFO] [2017-04-29 00:26:36] com.opensymphony.xwork2.util.logging.commons.CommonsLogger.info(46) | Choosing bean (struts) for (com.opensymphony.xwork2.conversion.impl.StringConverter)
[spring_struts2_Hibernate_demo][INFO] [2017-04-29 00:26:36] com.opensymphony.xwork2.util.logging.commons.CommonsLogger.info(46) | Choosing bean (struts) for (com.opensymphony.xwork2.conversion.ConversionPropertiesProcessor)
[spring_struts2_Hibernate_demo][INFO] [2017-04-29 00:26:36] com.opensymphony.xwork2.util.logging.commons.CommonsLogger.info(46) | Choosing bean (struts) for (com.opensymphony.xwork2.conversion.ConversionFileProcessor)
[spring_struts2_Hibernate_demo][INFO] [2017-04-29 00:26:36] com.opensymphony.xwork2.util.logging.commons.CommonsLogger.info(46) | Choosing bean (struts) for (com.opensymphony.xwork2.conversion.ConversionAnnotationProcessor)
[spring_struts2_Hibernate_demo][INFO] [2017-04-29 00:26:36] com.opensymphony.xwork2.util.logging.commons.CommonsLogger.info(46) | Choosing bean (struts) for (com.opensymphony.xwork2.conversion.TypeConverterCreator)
[spring_struts2_Hibernate_demo][INFO] [2017-04-29 00:26:36] com.opensymphony.xwork2.util.logging.commons.CommonsLogger.info(46) | Choosing bean (struts) for (com.opensymphony.xwork2.conversion.TypeConverterHolder)
[spring_struts2_Hibernate_demo][INFO] [2017-04-29 00:26:36] com.opensymphony.xwork2.util.logging.commons.CommonsLogger.info(46) | Choosing bean (struts) for (com.opensymphony.xwork2.TextProvider)
[spring_struts2_Hibernate_demo][INFO] [2017-04-29 00:26:36] com.opensymphony.xwork2.util.logging.commons.CommonsLogger.info(46) | Choosing bean (struts) for (com.opensymphony.xwork2.LocaleProvider)
[spring_struts2_Hibernate_demo][INFO] [2017-04-29 00:26:36] com.opensymphony.xwork2.util.logging.commons.CommonsLogger.info(46) | Choosing bean (struts) for (com.opensymphony.xwork2.ActionProxyFactory)
[spring_struts2_Hibernate_demo][INFO] [2017-04-29 00:26:36] com.opensymphony.xwork2.util.logging.commons.CommonsLogger.info(46) | Choosing bean (struts) for (com.opensymphony.xwork2.conversion.ObjectTypeDeterminer)
[spring_struts2_Hibernate_demo][INFO] [2017-04-29 00:26:36] com.opensymphony.xwork2.util.logging.commons.CommonsLogger.info(46) | Choosing bean (struts) for (org.apache.struts2.dispatcher.mapper.ActionMapper)
[spring_struts2_Hibernate_demo][INFO] [2017-04-29 00:26:36] com.opensymphony.xwork2.util.logging.commons.CommonsLogger.info(46) | Choosing bean (jakarta) for (org.apache.struts2.dispatcher.multipart.MultiPartRequest)
[spring_struts2_Hibernate_demo][INFO] [2017-04-29 00:26:36] com.opensymphony.xwork2.util.logging.commons.CommonsLogger.info(46) | Choosing bean (struts) for (org.apache.struts2.views.freemarker.FreemarkerManager)
[spring_struts2_Hibernate_demo][INFO] [2017-04-29 00:26:36] com.opensymphony.xwork2.util.logging.commons.CommonsLogger.info(46) | Choosing bean (struts) for (org.apache.struts2.components.UrlRenderer)
[spring_struts2_Hibernate_demo][INFO] [2017-04-29 00:26:36] com.opensymphony.xwork2.util.logging.commons.CommonsLogger.info(46) | Choosing bean (struts) for (com.opensymphony.xwork2.validator.ActionValidatorManager)
[spring_struts2_Hibernate_demo][INFO] [2017-04-29 00:26:36] com.opensymphony.xwork2.util.logging.commons.CommonsLogger.info(46) | Choosing bean (struts) for (com.opensymphony.xwork2.util.ValueStackFactory)
[spring_struts2_Hibernate_demo][INFO] [2017-04-29 00:26:36] com.opensymphony.xwork2.util.logging.commons.CommonsLogger.info(46) | Choosing bean (struts) for (com.opensymphony.xwork2.util.reflection.ReflectionProvider)
[spring_struts2_Hibernate_demo][INFO] [2017-04-29 00:26:36] com.opensymphony.xwork2.util.logging.commons.CommonsLogger.info(46) | Choosing bean (struts) for (com.opensymphony.xwork2.util.reflection.ReflectionContextFactory)
[spring_struts2_Hibernate_demo][INFO] [2017-04-29 00:26:36] com.opensymphony.xwork2.util.logging.commons.CommonsLogger.info(46) | Choosing bean (struts) for (com.opensymphony.xwork2.util.PatternMatcher)
[spring_struts2_Hibernate_demo][INFO] [2017-04-29 00:26:36] com.opensymphony.xwork2.util.logging.commons.CommonsLogger.info(46) | Choosing bean (struts) for (org.apache.struts2.dispatcher.StaticContentLoader)
[spring_struts2_Hibernate_demo][INFO] [2017-04-29 00:26:36] com.opensymphony.xwork2.util.logging.commons.CommonsLogger.info(46) | Choosing bean (struts) for (com.opensymphony.xwork2.UnknownHandlerManager)
[spring_struts2_Hibernate_demo][INFO] [2017-04-29 00:26:36] com.opensymphony.xwork2.util.logging.commons.CommonsLogger.info(46) | Choosing bean (struts) for (org.apache.struts2.views.util.UrlHelper)
[spring_struts2_Hibernate_demo][INFO] [2017-04-29 00:26:36] com.opensymphony.xwork2.util.logging.commons.CommonsLogger.info(46) | Choosing bean (struts) for (com.opensymphony.xwork2.util.TextParser)
[spring_struts2_Hibernate_demo][INFO] [2017-04-29 00:26:36] com.opensymphony.xwork2.util.logging.commons.CommonsLogger.info(46) | Choosing bean (struts) for (org.apache.struts2.dispatcher.DispatcherErrorHandler)
[spring_struts2_Hibernate_demo][INFO] [2017-04-29 00:26:36] com.opensymphony.xwork2.util.logging.commons.CommonsLogger.info(46) | Choosing bean (struts) for (com.opensymphony.xwork2.security.ExcludedPatternsChecker)
[spring_struts2_Hibernate_demo][INFO] [2017-04-29 00:26:36] com.opensymphony.xwork2.util.logging.commons.CommonsLogger.info(46) | Choosing bean (struts) for (com.opensymphony.xwork2.security.AcceptedPatternsChecker)
[spring_struts2_Hibernate_demo][INFO] [2017-04-29 00:26:36] com.opensymphony.xwork2.util.logging.commons.CommonsLogger.info(46) | Initializing Struts-Spring integration...
[spring_struts2_Hibernate_demo][INFO] [2017-04-29 00:26:36] com.opensymphony.xwork2.util.logging.commons.CommonsLogger.info(46) | Setting autowire strategy to name
[spring_struts2_Hibernate_demo][INFO] [2017-04-29 00:26:36] com.opensymphony.xwork2.util.logging.commons.CommonsLogger.info(46) | ... initialized Struts-Spring integration successfully
[spring_struts2_Hibernate_demo][INFO] [2017-04-29 00:26:45] com.mssh2.action.UserinfoAction.execute(74) | 查询所有用户
[spring_struts2_Hibernate_demo][INFO] [2017-04-29 00:26:49] com.mssh2.action.UserinfoAction.detail(82) | 查看用户详情：1
